[debug] [2025-01-27T05:01:29.731Z] ----------------------------------------------------------------------
[debug] [2025-01-27T05:01:29.734Z] Command:       C:\Program Files\nodejs\node.exe C:\Users\brend\AppData\Roaming\npm\node_modules\firebase-tools\lib\bin\firebase.js init hosting:github
[debug] [2025-01-27T05:01:29.735Z] CLI Version:   13.29.2
[debug] [2025-01-27T05:01:29.735Z] Platform:      win32
[debug] [2025-01-27T05:01:29.735Z] Node Version:  v23.6.1
[debug] [2025-01-27T05:01:29.735Z] Time:          Mon Jan 27 2025 00:01:29 GMT-0500 (Eastern Standard Time)
[debug] [2025-01-27T05:01:29.735Z] ----------------------------------------------------------------------
[debug] 
[debug] [2025-01-27T05:01:29.744Z] > command requires scopes: ["email","openid","https://www.googleapis.com/auth/cloudplatformprojects.readonly","https://www.googleapis.com/auth/firebase","https://www.googleapis.com/auth/cloud-platform"]
[debug] [2025-01-27T05:01:29.744Z] > authorizing via signed-in user (brendansmithelion@gmail.com)
[info] 
     ######## #### ########  ######## ########     ###     ######  ########
     ##        ##  ##     ## ##       ##     ##  ##   ##  ##       ##
     ######    ##  ########  ######   ########  #########  ######  ######
     ##        ##  ##    ##  ##       ##     ## ##     ##       ## ##
     ##       #### ##     ## ######## ########  ##     ##  ######  ########

You're about to initialize a Firebase project in this directory:

  C:\Users\brend\OneDrive\Documents\GitHub\galaxyhealth\galaxyhealth

[info] 
=== Project Setup
[info] 
[info] First, let's associate this project directory with a Firebase project.
[info] You can create multiple project aliases by running firebase use --add, 
[info] but for now we'll just set up a default project.
[info] 
